
=== Tue Feb 15 08:36:14 2022

Packages were changed.
Update Mode: updateDependencies

The following packages were updated:
  com.unity.collab-proxy from version 1.3.9 to 1.9.0
  com.unity.ide.visualstudio from version 2.0.7 to 2.0.11
  com.unity.ide.vscode from version 1.2.3 to 1.2.4
  com.unity.render-pipelines.universal from version 10.3.2 to 10.6.0
  com.unity.test-framework from version 1.1.24 to 1.1.29
  com.unity.textmeshpro from version 3.0.4 to 3.0.6
  com.unity.timeline from version 1.4.7 to 1.4.8
  com.unity.xr.oculus from version 1.8.1 to 1.10.0
  com.unity.xr.openxr from version 1.0.3 to 1.2.8

=== Fri Apr  8 15:04:18 2022

Packages were changed.
Update Mode: updateDependencies

The following packages were updated:
  com.unity.collab-proxy from version 1.9.0 to 1.15.15
  com.unity.ide.visualstudio from version 2.0.11 to 2.0.14
  com.unity.ide.vscode from version 1.2.4 to 1.2.5
  com.unity.render-pipelines.universal from version 10.6.0 to 10.8.1
  com.unity.test-framework from version 1.1.29 to 1.1.31
  com.unity.xr.oculus from version 1.10.0 to 1.12.0
  com.unity.xr.openxr from version 1.2.8 to 1.3.1
  com.unity.xr.windowsmr from version 4.5.0 to 4.6.2
